<?xml version="1.0" encoding="UTF-8"?>
<!-- Generated by org.testng.reporters.JUnitReportReporter -->
<testsuite hostname="DESKTOP-29HORGQ" failures="0" tests="1" name="scripts.Test2" time="0.003" errors="0" timestamp="2022-09-12T23:04:51 IST" skipped="0">
  <testcase classname="scripts.Test2" name="tc2" time="0.003"/>
  <system-out>
    <![CDATA[hello python]]>
  </system-out>
</testsuite> <!-- scripts.Test2 -->
