<?xml version="1.0" encoding="UTF-8"?>
<!-- Generated by org.testng.reporters.JUnitReportReporter -->
<testsuite hostname="DESKTOP-29HORGQ" failures="0" tests="1" name="scripts.Test1" time="0.004" errors="0" timestamp="2022-09-12T23:04:51 IST" skipped="0">
  <testcase classname="scripts.Test1" name="tc1" time="0.004"/>
  <system-out>
    <![CDATA[hello selenium]]>
  </system-out>
</testsuite> <!-- scripts.Test1 -->
