<?xml version="1.0" encoding="UTF-8"?>
<!-- Generated by org.testng.reporters.JUnitReportReporter -->
<testsuite hostname="VBK-Computer" failures="0" tests="1" name="scripts.Test5" time="0.010" errors="0" timestamp="2022-12-16T22:50:11 IST" skipped="0">
  <testcase classname="scripts.Test5" name="tc4" time="0.010"/>
  <system-out>
    <![CDATA[hello postman]]>
  </system-out>
</testsuite> <!-- scripts.Test5 -->
